# JRE version: OpenJDK Runtime Environment (8.0_372-b07) (build 1.8.0_372-b07)
# Java VM: OpenJDK 64-Bit Server VM (25.372-b07 mixed mode linux-amd64 compressed oops)
Heap:
 PSYoungGen      total 279040K, used 226805K [0x0000000719380000, 0x000000072b880000, 0x00000007c0000000)
  eden space 258048K, 79% used [0x0000000719380000,0x0000000725c83fb0,0x0000000728f80000)
  from space 20992K, 99% used [0x000000072a400000,0x000000072b879828,0x000000072b880000)
  to   space 20992K, 0% used [0x0000000728f80000,0x0000000728f80000,0x000000072a400000)
 ParOldGen       total 343040K, used 3853K [0x00000005cba00000, 0x00000005e0900000, 0x0000000719380000)
  object space 343040K, 1% used [0x00000005cba00000,0x00000005cbdc3718,0x00000005e0900000)
 Metaspace       used 18382K, capacity 18894K, committed 19072K, reserved 1067008K
  class space    used 2075K, capacity 2173K, committed 2176K, reserved 1048576K
GC Heap History (4 events):
Event: 0.557 GC heap before
{Heap before GC invocations=1 (full 0):
 PSYoungGen      total 150016K, used 129024K [0x0000000719380000, 0x0000000723a80000, 0x00000007c0000000)
  eden space 129024K, 100% used [0x0000000719380000,0x0000000721180000,0x0000000721180000)
  from space 20992K, 0% used [0x0000000722600000,0x0000000722600000,0x0000000723a80000)
  to   space 20992K, 0% used [0x0000000721180000,0x0000000721180000,0x0000000722600000)
 ParOldGen       total 343040K, used 0K [0x00000005cba00000, 0x00000005e0900000, 0x0000000719380000)
  object space 343040K, 0% used [0x00000005cba00000,0x00000005cba00000,0x00000005e0900000)
 Metaspace       used 12223K, capacity 12480K, committed 12800K, reserved 1060864K
  class space    used 1449K, capacity 1516K, committed 1536K, reserved 1048576K
Event: 0.563 GC heap after
Heap after GC invocations=1 (full 0):
 PSYoungGen      total 150016K, used 11603K [0x0000000719380000, 0x000000072b880000, 0x00000007c0000000)
  eden space 129024K, 0% used [0x0000000719380000,0x0000000719380000,0x0000000721180000)
  from space 20992K, 55% used [0x0000000721180000,0x0000000721cd4da8,0x0000000722600000)
  to   space 20992K, 0% used [0x000000072a400000,0x000000072a400000,0x000000072b880000)
 ParOldGen       total 343040K, used 80K [0x00000005cba00000, 0x00000005e0900000, 0x0000000719380000)
  object space 343040K, 0% used [0x00000005cba00000,0x00000005cba14010,0x00000005e0900000)
 Metaspace       used 12223K, capacity 12480K, committed 12800K, reserved 1060864K
  class space    used 1449K, capacity 1516K, committed 1536K, reserved 1048576K
}
Event: 0.860 GC heap before
{Heap before GC invocations=2 (full 0):
 PSYoungGen      total 150016K, used 140627K [0x0000000719380000, 0x000000072b880000, 0x00000007c0000000)
  eden space 129024K, 100% used [0x0000000719380000,0x0000000721180000,0x0000000721180000)
  from space 20992K, 55% used [0x0000000721180000,0x0000000721cd4da8,0x0000000722600000)
  to   space 20992K, 0% used [0x000000072a400000,0x000000072a400000,0x000000072b880000)
 ParOldGen       total 343040K, used 80K [0x00000005cba00000, 0x00000005e0900000, 0x0000000719380000)
  object space 343040K, 0% used [0x00000005cba00000,0x00000005cba14010,0x00000005e0900000)
 Metaspace       used 15749K, capacity 16088K, committed 16384K, reserved 1062912K
  class space    used 1849K, capacity 1940K, committed 2048K, reserved 1048576K
Event: 0.869 GC heap after
Heap after GC invocations=2 (full 0):
 PSYoungGen      total 279040K, used 20966K [0x0000000719380000, 0x000000072b880000, 0x00000007c0000000)
  eden space 258048K, 0% used [0x0000000719380000,0x0000000719380000,0x0000000728f80000)
  from space 20992K, 99% used [0x000000072a400000,0x000000072b879828,0x000000072b880000)
  to   space 20992K, 0% used [0x0000000728f80000,0x0000000728f80000,0x000000072a400000)
 ParOldGen       total 343040K, used 3853K [0x00000005cba00000, 0x00000005e0900000, 0x0000000719380000)
  object space 343040K, 1% used [0x00000005cba00000,0x00000005cbdc3718,0x00000005e0900000)
 Metaspace       used 15749K, capacity 16088K, committed 16384K, reserved 1062912K
  class space    used 1849K, capacity 1940K, committed 2048K, reserved 1048576K
}

