# JRE version: OpenJDK Runtime Environment (8.0_372-b07) (build 1.8.0_372-b07)
# Java VM: OpenJDK 64-Bit Server VM (25.372-b07 mixed mode linux-amd64 compressed oops)
Heap:
 PSYoungGen      total 279040K, used 279018K [0x0000000719380000, 0x000000073b480000, 0x00000007c0000000)
  eden space 258048K, 100% used [0x0000000719380000,0x0000000728f80000,0x0000000728f80000)
  from space 20992K, 99% used [0x0000000728f80000,0x000000072a3fa968,0x000000072a400000)
  to   space 20992K, 99% used [0x000000073a000000,0x000000073b4792b8,0x000000073b480000)
 ParOldGen       total 343040K, used 23333K [0x00000005cba00000, 0x00000005e0900000, 0x0000000719380000)
  object space 343040K, 6% used [0x00000005cba00000,0x00000005cd0c9718,0x00000005e0900000)
 Metaspace       used 19152K, capacity 19724K, committed 19968K, reserved 1067008K
  class space    used 2154K, capacity 2294K, committed 2304K, reserved 1048576K
GC Heap History (7 events):
Event: 0.543 GC heap before
{Heap before GC invocations=1 (full 0):
 PSYoungGen      total 150016K, used 129024K [0x0000000719380000, 0x0000000723a80000, 0x00000007c0000000)
  eden space 129024K, 100% used [0x0000000719380000,0x0000000721180000,0x0000000721180000)
  from space 20992K, 0% used [0x0000000722600000,0x0000000722600000,0x0000000723a80000)
  to   space 20992K, 0% used [0x0000000721180000,0x0000000721180000,0x0000000722600000)
 ParOldGen       total 343040K, used 0K [0x00000005cba00000, 0x00000005e0900000, 0x0000000719380000)
  object space 343040K, 0% used [0x00000005cba00000,0x00000005cba00000,0x00000005e0900000)
 Metaspace       used 12232K, capacity 12480K, committed 12800K, reserved 1060864K
  class space    used 1450K, capacity 1516K, committed 1536K, reserved 1048576K
Event: 0.549 GC heap after
Heap after GC invocations=1 (full 0):
 PSYoungGen      total 150016K, used 12560K [0x0000000719380000, 0x000000072b880000, 0x00000007c0000000)
  eden space 129024K, 0% used [0x0000000719380000,0x0000000719380000,0x0000000721180000)
  from space 20992K, 59% used [0x0000000721180000,0x0000000721dc42d8,0x0000000722600000)
  to   space 20992K, 0% used [0x000000072a400000,0x000000072a400000,0x000000072b880000)
 ParOldGen       total 343040K, used 80K [0x00000005cba00000, 0x00000005e0900000, 0x0000000719380000)
  object space 343040K, 0% used [0x00000005cba00000,0x00000005cba14010,0x00000005e0900000)
 Metaspace       used 12232K, capacity 12480K, committed 12800K, reserved 1060864K
  class space    used 1450K, capacity 1516K, committed 1536K, reserved 1048576K
}
Event: 0.840 GC heap before
{Heap before GC invocations=2 (full 0):
 PSYoungGen      total 150016K, used 141584K [0x0000000719380000, 0x000000072b880000, 0x00000007c0000000)
  eden space 129024K, 100% used [0x0000000719380000,0x0000000721180000,0x0000000721180000)
  from space 20992K, 59% used [0x0000000721180000,0x0000000721dc42d8,0x0000000722600000)
  to   space 20992K, 0% used [0x000000072a400000,0x000000072a400000,0x000000072b880000)
 ParOldGen       total 343040K, used 80K [0x00000005cba00000, 0x00000005e0900000, 0x0000000719380000)
  object space 343040K, 0% used [0x00000005cba00000,0x00000005cba14010,0x00000005e0900000)
 Metaspace       used 15754K, capacity 16088K, committed 16384K, reserved 1062912K
  class space    used 1849K, capacity 1940K, committed 2048K, reserved 1048576K
Event: 0.850 GC heap after
Heap after GC invocations=2 (full 0):
 PSYoungGen      total 279040K, used 20982K [0x0000000719380000, 0x000000072b880000, 0x00000007c0000000)
  eden space 258048K, 0% used [0x0000000719380000,0x0000000719380000,0x0000000728f80000)
  from space 20992K, 99% used [0x000000072a400000,0x000000072b87d838,0x000000072b880000)
  to   space 20992K, 0% used [0x0000000728f80000,0x0000000728f80000,0x000000072a400000)
 ParOldGen       total 343040K, used 3917K [0x00000005cba00000, 0x00000005e0900000, 0x0000000719380000)
  object space 343040K, 1% used [0x00000005cba00000,0x00000005cbdd35f8,0x00000005e0900000)
 Metaspace       used 15754K, capacity 16088K, committed 16384K, reserved 1062912K
  class space    used 1849K, capacity 1940K, committed 2048K, reserved 1048576K
}
Event: 1.613 GC heap before
{Heap before GC invocations=3 (full 0):
 PSYoungGen      total 279040K, used 279030K [0x0000000719380000, 0x000000072b880000, 0x00000007c0000000)
  eden space 258048K, 100% used [0x0000000719380000,0x0000000728f80000,0x0000000728f80000)
  from space 20992K, 99% used [0x000000072a400000,0x000000072b87d838,0x000000072b880000)
  to   space 20992K, 0% used [0x0000000728f80000,0x0000000728f80000,0x000000072a400000)
 ParOldGen       total 343040K, used 3917K [0x00000005cba00000, 0x00000005e0900000, 0x0000000719380000)
  object space 343040K, 1% used [0x00000005cba00000,0x00000005cbdd35f8,0x00000005e0900000)
 Metaspace       used 18777K, capacity 19310K, committed 19456K, reserved 1067008K
  class space    used 2121K, capacity 2245K, committed 2304K, reserved 1048576K
Event: 1.649 GC heap after
Heap after GC invocations=3 (full 0):
 PSYoungGen      total 279040K, used 20970K [0x0000000719380000, 0x000000073b480000, 0x00000007c0000000)
  eden space 258048K, 0% used [0x0000000719380000,0x0000000719380000,0x0000000728f80000)
  from space 20992K, 99% used [0x0000000728f80000,0x000000072a3fa968,0x000000072a400000)
  to   space 20992K, 0% used [0x000000073a000000,0x000000073a000000,0x000000073b480000)
 ParOldGen       total 343040K, used 22105K [0x00000005cba00000, 0x00000005e0900000, 0x0000000719380000)
  object space 343040K, 6% used [0x00000005cba00000,0x00000005ccf965a0,0x00000005e0900000)
 Metaspace       used 18777K, capacity 19310K, committed 19456K, reserved 1067008K
  class space    used 2121K, capacity 2245K, committed 2304K, reserved 1048576K
}
Event: 16774.269 GC heap before
{Heap before GC invocations=4 (full 0):
 PSYoungGen      total 279040K, used 279018K [0x0000000719380000, 0x000000073b480000, 0x00000007c0000000)
  eden space 258048K, 100% used [0x0000000719380000,0x0000000728f80000,0x0000000728f80000)
  from space 20992K, 99% used [0x0000000728f80000,0x000000072a3fa968,0x000000072a400000)
  to   space 20992K, 0% used [0x000000073a000000,0x000000073a000000,0x000000073b480000)
 ParOldGen       total 343040K, used 22105K [0x00000005cba00000, 0x00000005e0900000, 0x0000000719380000)
  object space 343040K, 6% used [0x00000005cba00000,0x00000005ccf965a0,0x00000005e0900000)
 Metaspace       used 19152K, capacity 19724K, committed 19968K, reserved 1067008K
  class space    used 2154K, capacity 2294K, committed 2304K, reserved 1048576K

